android/app/build/intermediates/manifest_merge_blame_file/debug/manifest-merger-blame-debug-report.txt
1<?xml version="1.0" encoding="utf-8"?>
2<manifest xmlns:android="http://schemas.android.com/apk/res/android"
3    package="com.reactnativeapp"
4    android:versionCode="1"
5    android:versionName="1.0" >
6
7    <uses-sdk
8        android:minSdkVersion="21"
9        android:targetSdkVersion="33" />
10
11    <uses-permission android:name="android.permission.SYSTEM_ALERT_WINDOW" />
11-->src\debug\AndroidManifest.xml:5:5-77
11-->src\debug\AndroidManifest.xml:5:22-75
12    <uses-permission android:name="android.permission.INTERNET" />
12-->src\main\AndroidManifest.xml:3:5-67
12-->src\main\AndroidManifest.xml:3:22-64
13    <uses-permission android:name="android.permission.ACCESS_WIFI_STATE" /> <!-- Include required permissions for Google Maps API to run. -->
13-->[com.facebook.flipper:flipper:0.182.0] AndroidManifest.xml:16:5-76
13-->[com.facebook.flipper:flipper:0.182.0] AndroidManifest.xml:16:22-73
14    <uses-permission android:name="android.permission.ACCESS_NETWORK_STATE" />
14-->[com.google.android.gms:play-services-maps:18.2.0] AndroidManifest.xml:23:5-79
14-->[com.google.android.gms:play-services-maps:18.2.0] AndroidManifest.xml:23:22-76
15
16    <uses-feature
16-->[com.google.android.gms:play-services-maps:18.2.0] AndroidManifest.xml:26:5-28:35
17        android:glEsVersion="0x00020000"
17-->[com.google.android.gms:play-services-maps:18.2.0] AndroidManifest.xml:27:9-41
18        android:required="true" />
18-->[com.google.android.gms:play-services-maps:18.2.0] AndroidManifest.xml:28:9-32
19
20    <queries>
20-->[com.google.android.gms:play-services-maps:18.2.0] AndroidManifest.xml:30:5-34:15
21
22        <!-- Needs to be explicitly declared on Android R+ -->
23        <package android:name="com.google.android.apps.maps" />
23-->[com.google.android.gms:play-services-maps:18.2.0] AndroidManifest.xml:33:9-64
23-->[com.google.android.gms:play-services-maps:18.2.0] AndroidManifest.xml:33:18-61
24    </queries>
25
26    <uses-permission android:name="android.permission.WAKE_LOCK" />
26-->[androidx.work:work-runtime:2.7.1] AndroidManifest.xml:25:5-68
26-->[androidx.work:work-runtime:2.7.1] AndroidManifest.xml:25:22-65
27    <uses-permission android:name="android.permission.RECEIVE_BOOT_COMPLETED" />
27-->[androidx.work:work-runtime:2.7.1] AndroidManifest.xml:27:5-81
27-->[androidx.work:work-runtime:2.7.1] AndroidManifest.xml:27:22-78
28    <uses-permission android:name="android.permission.FOREGROUND_SERVICE" />
28-->[androidx.work:work-runtime:2.7.1] AndroidManifest.xml:28:5-77
28-->[androidx.work:work-runtime:2.7.1] AndroidManifest.xml:28:22-74
29
30    <application
30-->src\main\AndroidManifest.xml:5:5-24:19
31        android:name="com.reactnativeapp.MainApplication"
31-->src\main\AndroidManifest.xml:6:7-38
32        android:allowBackup="false"
32-->src\main\AndroidManifest.xml:10:7-34
33        android:appComponentFactory="androidx.core.app.CoreComponentFactory"
33-->[androidx.core:core:1.8.0] AndroidManifest.xml:24:18-86
34        android:debuggable="true"
35        android:icon="@mipmap/ic_launcher"
35-->src\main\AndroidManifest.xml:8:7-41
36        android:label="@string/app_name"
36-->src\main\AndroidManifest.xml:7:7-39
37        android:roundIcon="@mipmap/ic_launcher_round"
37-->src\main\AndroidManifest.xml:9:7-52
38        android:theme="@style/AppTheme"
38-->src\main\AndroidManifest.xml:11:7-38
39        android:usesCleartextTraffic="true" >
39-->src\debug\AndroidManifest.xml:8:9-44
40        <activity
40-->src\debug\AndroidManifest.xml:11:9-111
41            android:name="com.facebook.react.devsupport.DevSettingsActivity"
41-->src\debug\AndroidManifest.xml:11:19-83
42            android:exported="false" />
42-->src\debug\AndroidManifest.xml:11:84-108
43        <activity
43-->src\main\AndroidManifest.xml:12:7-23:18
44            android:name="com.reactnativeapp.MainActivity"
44-->src\main\AndroidManifest.xml:13:9-37
45            android:configChanges="keyboard|keyboardHidden|orientation|screenLayout|screenSize|smallestScreenSize|uiMode"
45-->src\main\AndroidManifest.xml:15:9-118
46            android:exported="true"
46-->src\main\AndroidManifest.xml:18:9-32
47            android:label="@string/app_name"
47-->src\main\AndroidManifest.xml:14:9-41
48            android:launchMode="singleTask"
48-->src\main\AndroidManifest.xml:16:9-40
49            android:windowSoftInputMode="adjustResize" >
49-->src\main\AndroidManifest.xml:17:9-51
50            <intent-filter>
50-->src\main\AndroidManifest.xml:19:9-22:25
51                <action android:name="android.intent.action.MAIN" />
51-->src\main\AndroidManifest.xml:20:13-65
51-->src\main\AndroidManifest.xml:20:21-62
52
53                <category android:name="android.intent.category.LAUNCHER" />
53-->src\main\AndroidManifest.xml:21:13-73
53-->src\main\AndroidManifest.xml:21:23-70
54            </intent-filter>
55        </activity>
56
57        <meta-data
57-->[com.google.maps.android:android-maps-utils:3.8.2] AndroidManifest.xml:8:9-10:69
58            android:name="com.google.android.gms.version"
58-->[com.google.maps.android:android-maps-utils:3.8.2] AndroidManifest.xml:9:13-58
59            android:value="@integer/google_play_services_version" /> <!-- Needs to be explicitly declared on P+ -->
59-->[com.google.maps.android:android-maps-utils:3.8.2] AndroidManifest.xml:10:13-66
60        <uses-library
60-->[com.google.android.gms:play-services-maps:18.2.0] AndroidManifest.xml:39:9-41:40
61            android:name="org.apache.http.legacy"
61-->[com.google.android.gms:play-services-maps:18.2.0] AndroidManifest.xml:40:13-50
62            android:required="false" />
62-->[com.google.android.gms:play-services-maps:18.2.0] AndroidManifest.xml:41:13-37
63
64        <activity
64-->[com.google.android.gms:play-services-base:18.2.0] AndroidManifest.xml:20:9-22:45
65            android:name="com.google.android.gms.common.api.GoogleApiActivity"
65-->[com.google.android.gms:play-services-base:18.2.0] AndroidManifest.xml:20:19-85
66            android:exported="false"
66-->[com.google.android.gms:play-services-base:18.2.0] AndroidManifest.xml:22:19-43
67            android:theme="@android:style/Theme.Translucent.NoTitleBar" />
67-->[com.google.android.gms:play-services-base:18.2.0] AndroidManifest.xml:21:19-78
68
69        <meta-data
69-->[com.facebook.soloader:soloader:0.10.5] AndroidManifest.xml:12:9-14:37
70            android:name="com.facebook.soloader.enabled"
70-->[com.facebook.soloader:soloader:0.10.5] AndroidManifest.xml:13:13-57
71            android:value="false" />
71-->[com.facebook.soloader:soloader:0.10.5] AndroidManifest.xml:14:13-34
72
73        <provider
73-->[androidx.work:work-runtime:2.7.1] AndroidManifest.xml:31:9-39:20
74            android:name="androidx.startup.InitializationProvider"
74-->[androidx.work:work-runtime:2.7.1] AndroidManifest.xml:32:13-67
75            android:authorities="com.reactnativeapp.androidx-startup"
75-->[androidx.work:work-runtime:2.7.1] AndroidManifest.xml:33:13-68
76            android:exported="false" >
76-->[androidx.work:work-runtime:2.7.1] AndroidManifest.xml:34:13-37
77            <meta-data
77-->[androidx.work:work-runtime:2.7.1] AndroidManifest.xml:36:13-38:52
78                android:name="androidx.work.WorkManagerInitializer"
78-->[androidx.work:work-runtime:2.7.1] AndroidManifest.xml:37:17-68
79                android:value="androidx.startup" />
79-->[androidx.work:work-runtime:2.7.1] AndroidManifest.xml:38:17-49
80            <meta-data
80-->[androidx.emoji2:emoji2:1.2.0] AndroidManifest.xml:29:13-31:52
81                android:name="androidx.emoji2.text.EmojiCompatInitializer"
81-->[androidx.emoji2:emoji2:1.2.0] AndroidManifest.xml:30:17-75
82                android:value="androidx.startup" />
82-->[androidx.emoji2:emoji2:1.2.0] AndroidManifest.xml:31:17-49
83            <meta-data
83-->[androidx.lifecycle:lifecycle-process:2.4.1] AndroidManifest.xml:31:13-33:52
84                android:name="androidx.lifecycle.ProcessLifecycleInitializer"
84-->[androidx.lifecycle:lifecycle-process:2.4.1] AndroidManifest.xml:32:17-78
85                android:value="androidx.startup" />
85-->[androidx.lifecycle:lifecycle-process:2.4.1] AndroidManifest.xml:33:17-49
86        </provider>
87
88        <service
88-->[androidx.work:work-runtime:2.7.1] AndroidManifest.xml:41:9-46:35
89            android:name="androidx.work.impl.background.systemalarm.SystemAlarmService"
89-->[androidx.work:work-runtime:2.7.1] AndroidManifest.xml:42:13-88
90            android:directBootAware="false"
90-->[androidx.work:work-runtime:2.7.1] AndroidManifest.xml:43:13-44
91            android:enabled="@bool/enable_system_alarm_service_default"
91-->[androidx.work:work-runtime:2.7.1] AndroidManifest.xml:44:13-72
92            android:exported="false" />
92-->[androidx.work:work-runtime:2.7.1] AndroidManifest.xml:45:13-37
93        <service
93-->[androidx.work:work-runtime:2.7.1] AndroidManifest.xml:47:9-53:35
94            android:name="androidx.work.impl.background.systemjob.SystemJobService"
94-->[androidx.work:work-runtime:2.7.1] AndroidManifest.xml:48:13-84
95            android:directBootAware="false"
95-->[androidx.work:work-runtime:2.7.1] AndroidManifest.xml:49:13-44
96            android:enabled="@bool/enable_system_job_service_default"
96-->[androidx.work:work-runtime:2.7.1] AndroidManifest.xml:50:13-70
97            android:exported="true"
97-->[androidx.work:work-runtime:2.7.1] AndroidManifest.xml:51:13-36
98            android:permission="android.permission.BIND_JOB_SERVICE" />
98-->[androidx.work:work-runtime:2.7.1] AndroidManifest.xml:52:13-69
99        <service
99-->[androidx.work:work-runtime:2.7.1] AndroidManifest.xml:54:9-59:35
100            android:name="androidx.work.impl.foreground.SystemForegroundService"
100-->[androidx.work:work-runtime:2.7.1] AndroidManifest.xml:55:13-81
101            android:directBootAware="false"
101-->[androidx.work:work-runtime:2.7.1] AndroidManifest.xml:56:13-44
102            android:enabled="@bool/enable_system_foreground_service_default"
102-->[androidx.work:work-runtime:2.7.1] AndroidManifest.xml:57:13-77
103            android:exported="false" />
103-->[androidx.work:work-runtime:2.7.1] AndroidManifest.xml:58:13-37
104
105        <receiver
105-->[androidx.work:work-runtime:2.7.1] AndroidManifest.xml:61:9-66:35
106            android:name="androidx.work.impl.utils.ForceStopRunnable$BroadcastReceiver"
106-->[androidx.work:work-runtime:2.7.1] AndroidManifest.xml:62:13-88
107            android:directBootAware="false"
107-->[androidx.work:work-runtime:2.7.1] AndroidManifest.xml:63:13-44
108            android:enabled="true"
108-->[androidx.work:work-runtime:2.7.1] AndroidManifest.xml:64:13-35
109            android:exported="false" />
109-->[androidx.work:work-runtime:2.7.1] AndroidManifest.xml:65:13-37
110        <receiver
110-->[androidx.work:work-runtime:2.7.1] AndroidManifest.xml:67:9-77:20
111            android:name="androidx.work.impl.background.systemalarm.ConstraintProxy$BatteryChargingProxy"
111-->[androidx.work:work-runtime:2.7.1] AndroidManifest.xml:68:13-106
112            android:directBootAware="false"
112-->[androidx.work:work-runtime:2.7.1] AndroidManifest.xml:69:13-44
113            android:enabled="false"
113-->[androidx.work:work-runtime:2.7.1] AndroidManifest.xml:70:13-36
114            android:exported="false" >
114-->[androidx.work:work-runtime:2.7.1] AndroidManifest.xml:71:13-37
115            <intent-filter>
115-->[androidx.work:work-runtime:2.7.1] AndroidManifest.xml:73:13-76:29
116                <action android:name="android.intent.action.ACTION_POWER_CONNECTED" />
116-->[androidx.work:work-runtime:2.7.1] AndroidManifest.xml:74:17-87
116-->[androidx.work:work-runtime:2.7.1] AndroidManifest.xml:74:25-84
117                <action android:name="android.intent.action.ACTION_POWER_DISCONNECTED" />
117-->[androidx.work:work-runtime:2.7.1] AndroidManifest.xml:75:17-90
117-->[androidx.work:work-runtime:2.7.1] AndroidManifest.xml:75:25-87
118            </intent-filter>
119        </receiver>
120        <receiver
120-->[androidx.work:work-runtime:2.7.1] AndroidManifest.xml:78:9-88:20
121            android:name="androidx.work.impl.background.systemalarm.ConstraintProxy$BatteryNotLowProxy"
121-->[androidx.work:work-runtime:2.7.1] AndroidManifest.xml:79:13-104
122            android:directBootAware="false"
122-->[androidx.work:work-runtime:2.7.1] AndroidManifest.xml:80:13-44
123            android:enabled="false"
123-->[androidx.work:work-runtime:2.7.1] AndroidManifest.xml:81:13-36
124            android:exported="false" >
124-->[androidx.work:work-runtime:2.7.1] AndroidManifest.xml:82:13-37
125            <intent-filter>
125-->[androidx.work:work-runtime:2.7.1] AndroidManifest.xml:84:13-87:29
126                <action android:name="android.intent.action.BATTERY_OKAY" />
126-->[androidx.work:work-runtime:2.7.1] AndroidManifest.xml:85:17-77
126-->[androidx.work:work-runtime:2.7.1] AndroidManifest.xml:85:25-74
127                <action android:name="android.intent.action.BATTERY_LOW" />
127-->[androidx.work:work-runtime:2.7.1] AndroidManifest.xml:86:17-76
127-->[androidx.work:work-runtime:2.7.1] AndroidManifest.xml:86:25-73
128            </intent-filter>
129        </receiver>
130        <receiver
130-->[androidx.work:work-runtime:2.7.1] AndroidManifest.xml:89:9-99:20
131            android:name="androidx.work.impl.background.systemalarm.ConstraintProxy$StorageNotLowProxy"
131-->[androidx.work:work-runtime:2.7.1] AndroidManifest.xml:90:13-104
132            android:directBootAware="false"
132-->[androidx.work:work-runtime:2.7.1] AndroidManifest.xml:91:13-44
133            android:enabled="false"
133-->[androidx.work:work-runtime:2.7.1] AndroidManifest.xml:92:13-36
134            android:exported="false" >
134-->[androidx.work:work-runtime:2.7.1] AndroidManifest.xml:93:13-37
135            <intent-filter>
135-->[androidx.work:work-runtime:2.7.1] AndroidManifest.xml:95:13-98:29
136                <action android:name="android.intent.action.DEVICE_STORAGE_LOW" />
136-->[androidx.work:work-runtime:2.7.1] AndroidManifest.xml:96:17-83
136-->[androidx.work:work-runtime:2.7.1] AndroidManifest.xml:96:25-80
137                <action android:name="android.intent.action.DEVICE_STORAGE_OK" />
137-->[androidx.work:work-runtime:2.7.1] AndroidManifest.xml:97:17-82
137-->[androidx.work:work-runtime:2.7.1] AndroidManifest.xml:97:25-79
138            </intent-filter>
139        </receiver>
140        <receiver
140-->[androidx.work:work-runtime:2.7.1] AndroidManifest.xml:100:9-109:20
141            android:name="androidx.work.impl.background.systemalarm.ConstraintProxy$NetworkStateProxy"
141-->[androidx.work:work-runtime:2.7.1] AndroidManifest.xml:101:13-103
142            android:directBootAware="false"
142-->[androidx.work:work-runtime:2.7.1] AndroidManifest.xml:102:13-44
143            android:enabled="false"
143-->[androidx.work:work-runtime:2.7.1] AndroidManifest.xml:103:13-36
144            android:exported="false" >
144-->[androidx.work:work-runtime:2.7.1] AndroidManifest.xml:104:13-37
145            <intent-filter>
145-->[androidx.work:work-runtime:2.7.1] AndroidManifest.xml:106:13-108:29
146                <action android:name="android.net.conn.CONNECTIVITY_CHANGE" />
146-->[androidx.work:work-runtime:2.7.1] AndroidManifest.xml:107:17-79
146-->[androidx.work:work-runtime:2.7.1] AndroidManifest.xml:107:25-76
147            </intent-filter>
148        </receiver>
149        <receiver
149-->[androidx.work:work-runtime:2.7.1] AndroidManifest.xml:110:9-121:20
150            android:name="androidx.work.impl.background.systemalarm.RescheduleReceiver"
150-->[androidx.work:work-runtime:2.7.1] AndroidManifest.xml:111:13-88
151            android:directBootAware="false"
151-->[androidx.work:work-runtime:2.7.1] AndroidManifest.xml:112:13-44
152            android:enabled="false"
152-->[androidx.work:work-runtime:2.7.1] AndroidManifest.xml:113:13-36
153            android:exported="false" >
153-->[androidx.work:work-runtime:2.7.1] AndroidManifest.xml:114:13-37
154            <intent-filter>
154-->[androidx.work:work-runtime:2.7.1] AndroidManifest.xml:116:13-120:29
155                <action android:name="android.intent.action.BOOT_COMPLETED" />
155-->[androidx.work:work-runtime:2.7.1] AndroidManifest.xml:117:17-79
155-->[androidx.work:work-runtime:2.7.1] AndroidManifest.xml:117:25-76
156                <action android:name="android.intent.action.TIME_SET" />
156-->[androidx.work:work-runtime:2.7.1] AndroidManifest.xml:118:17-73
156-->[androidx.work:work-runtime:2.7.1] AndroidManifest.xml:118:25-70
157                <action android:name="android.intent.action.TIMEZONE_CHANGED" />
157-->[androidx.work:work-runtime:2.7.1] AndroidManifest.xml:119:17-81
157-->[androidx.work:work-runtime:2.7.1] AndroidManifest.xml:119:25-78
158            </intent-filter>
159        </receiver>
160        <receiver
160-->[androidx.work:work-runtime:2.7.1] AndroidManifest.xml:122:9-131:20
161            android:name="androidx.work.impl.background.systemalarm.ConstraintProxyUpdateReceiver"
161-->[androidx.work:work-runtime:2.7.1] AndroidManifest.xml:123:13-99
162            android:directBootAware="false"
162-->[androidx.work:work-runtime:2.7.1] AndroidManifest.xml:124:13-44
163            android:enabled="@bool/enable_system_alarm_service_default"
163-->[androidx.work:work-runtime:2.7.1] AndroidManifest.xml:125:13-72
164            android:exported="false" >
164-->[androidx.work:work-runtime:2.7.1] AndroidManifest.xml:126:13-37
165            <intent-filter>
165-->[androidx.work:work-runtime:2.7.1] AndroidManifest.xml:128:13-130:29
166                <action android:name="androidx.work.impl.background.systemalarm.UpdateProxies" />
166-->[androidx.work:work-runtime:2.7.1] AndroidManifest.xml:129:17-98
166-->[androidx.work:work-runtime:2.7.1] AndroidManifest.xml:129:25-95
167            </intent-filter>
168        </receiver>
169        <receiver
169-->[androidx.work:work-runtime:2.7.1] AndroidManifest.xml:132:9-142:20
170            android:name="androidx.work.impl.diagnostics.DiagnosticsReceiver"
170-->[androidx.work:work-runtime:2.7.1] AndroidManifest.xml:133:13-78
171            android:directBootAware="false"
171-->[androidx.work:work-runtime:2.7.1] AndroidManifest.xml:134:13-44
172            android:enabled="true"
172-->[androidx.work:work-runtime:2.7.1] AndroidManifest.xml:135:13-35
173            android:exported="true"
173-->[androidx.work:work-runtime:2.7.1] AndroidManifest.xml:136:13-36
174            android:permission="android.permission.DUMP" >
174-->[androidx.work:work-runtime:2.7.1] AndroidManifest.xml:137:13-57
175            <intent-filter>
175-->[androidx.work:work-runtime:2.7.1] AndroidManifest.xml:139:13-141:29
176                <action android:name="androidx.work.diagnostics.REQUEST_DIAGNOSTICS" />
176-->[androidx.work:work-runtime:2.7.1] AndroidManifest.xml:140:17-88
176-->[androidx.work:work-runtime:2.7.1] AndroidManifest.xml:140:25-85
177            </intent-filter>
178        </receiver>
179
180        <service
180-->[androidx.room:room-runtime:2.2.5] AndroidManifest.xml:25:9-28:40
181            android:name="androidx.room.MultiInstanceInvalidationService"
181-->[androidx.room:room-runtime:2.2.5] AndroidManifest.xml:26:13-74
182            android:directBootAware="true"
182-->[androidx.room:room-runtime:2.2.5] AndroidManifest.xml:27:13-43
183            android:exported="false" />
183-->[androidx.room:room-runtime:2.2.5] AndroidManifest.xml:28:13-37
184    </application>
185
186</manifest>